samples/controllerclient/build/outputs/logs/manifest-merger-debug-report.txt
-- Merging decision tree log ---
manifest
ADDED from src\main\AndroidManifest.xml:2:1-18:12
	package
		ADDED from src\main\AndroidManifest.xml:3:3-55
	android:versionName
		INJECTED from src\main\AndroidManifest.xml
		INJECTED from src\main\AndroidManifest.xml
	xmlns:android
		ADDED from src\main\AndroidManifest.xml:2:11-69
	android:versionCode
		INJECTED from src\main\AndroidManifest.xml
		INJECTED from src\main\AndroidManifest.xml
uses-sdk
ADDED from src\main\AndroidManifest.xml:4:3-72
MERGED from [gvr:libraries-base:unspecified] AndroidManifest.xml:4:5-73
MERGED from [gvr:libraries-common:unspecified] AndroidManifest.xml:5:5-7:41
	android:targetSdkVersion
		ADDED from src\main\AndroidManifest.xml:4:40-69
		INJECTED from src\main\AndroidManifest.xml
		INJECTED from src\main\AndroidManifest.xml
	android:minSdkVersion
		ADDED from src\main\AndroidManifest.xml:4:13-39
		INJECTED from src\main\AndroidManifest.xml
		INJECTED from src\main\AndroidManifest.xml
application
ADDED from src\main\AndroidManifest.xml:6:3-17:17
MERGED from [gvr:libraries-controller:unspecified] AndroidManifest.xml:5:5-6:19
	android:label
		ADDED from src\main\AndroidManifest.xml:7:5-37
	android:theme
		ADDED from src\main\AndroidManifest.xml:8:5-52
activity#com.google.vr.sdk.samples.controllerclient.ControllerClientActivity
ADDED from src\main\AndroidManifest.xml:9:5-16:16
	android:screenOrientation
		ADDED from src\main\AndroidManifest.xml:11:7-43
	android:name
		ADDED from src\main\AndroidManifest.xml:10:7-47
intent-filter#android.intent.action.MAIN+android.intent.category.LAUNCHER
ADDED from src\main\AndroidManifest.xml:12:7-15:23
action#android.intent.action.MAIN
ADDED from src\main\AndroidManifest.xml:13:9-60
	android:name
		ADDED from src\main\AndroidManifest.xml:13:17-58
category#android.intent.category.LAUNCHER
ADDED from src\main\AndroidManifest.xml:14:9-68
	android:name
		ADDED from src\main\AndroidManifest.xml:14:19-66
uses-feature#0x00020000
ADDED from [gvr:libraries-base:unspecified] AndroidManifest.xml:5:5-77
	android:glEsVersion
		ADDED from [gvr:libraries-base:unspecified] AndroidManifest.xml:5:19-51
	android:required
		ADDED from [gvr:libraries-base:unspecified] AndroidManifest.xml:5:52-75
uses-permission#android.permission.NFC
ADDED from [gvr:libraries-base:unspecified] AndroidManifest.xml:6:5-61
	android:name
		ADDED from [gvr:libraries-base:unspecified] AndroidManifest.xml:6:22-59
uses-permission#android.permission.READ_EXTERNAL_STORAGE
ADDED from [gvr:libraries-base:unspecified] AndroidManifest.xml:7:5-79
IMPLIED from src\main\AndroidManifest.xml:2:1-18:12 reason: com.google.vr.sdk.base requested WRITE_EXTERNAL_STORAGE
	android:name
		ADDED from [gvr:libraries-base:unspecified] AndroidManifest.xml:7:22-77
uses-permission#android.permission.WRITE_EXTERNAL_STORAGE
ADDED from [gvr:libraries-base:unspecified] AndroidManifest.xml:8:5-80
	android:name
		ADDED from [gvr:libraries-base:unspecified] AndroidManifest.xml:8:22-78
uses-permission#android.permission.READ_PHONE_STATE
IMPLIED from src\main\AndroidManifest.xml:2:1-18:12 reason: com.google.vr.sdk.controller has a targetSdkVersion < 4